{"level":"info","message":"[DB] Synchronizing database indexes...","timestamp":"2026-06-23 00:45:26"}
{"level":"info","message":"[DB] Database indexes synchronized successfully.","timestamp":"2026-06-23 00:45:28"}
{"level":"info","message":"[DB] Verifying system document categories seed...","timestamp":"2026-06-23 00:45:28"}
{"level":"info","message":"[DB-Seed] Created default system category: Identity Documents","timestamp":"2026-06-23 00:45:28"}
{"level":"info","message":"[DB-Seed] Created default system category: Insurance Documents","timestamp":"2026-06-23 00:45:28"}
{"level":"info","message":"[DB-Seed] Created default system category: Medical Records","timestamp":"2026-06-23 00:45:28"}
{"level":"info","message":"[DB-Seed] Created default system category: Certificates","timestamp":"2026-06-23 00:45:28"}
{"level":"info","message":"[DB] System categories seed check completed.","timestamp":"2026-06-23 00:45:28"}
{"level":"info","message":"[DB] Synchronizing database indexes...","timestamp":"2026-06-23 01:00:33"}
{"level":"info","message":"[DB] Database indexes synchronized successfully.","timestamp":"2026-06-23 01:00:35"}
{"level":"info","message":"[DB] Verifying system document categories seed...","timestamp":"2026-06-23 01:00:35"}
{"level":"info","message":"[DB-Seed] Created default system category: Identity Documents","timestamp":"2026-06-23 01:00:35"}
{"level":"info","message":"[DB-Seed] Created default system category: Insurance Documents","timestamp":"2026-06-23 01:00:35"}
{"level":"info","message":"[DB-Seed] Created default system category: Medical Records","timestamp":"2026-06-23 01:00:35"}
{"level":"info","message":"[DB-Seed] Created default system category: Certificates","timestamp":"2026-06-23 01:00:35"}
{"level":"info","message":"[DB] System categories seed check completed.","timestamp":"2026-06-23 01:00:35"}
{"level":"debug","message":"[R2] File uploaded successfully to key: users/6a398da974aa56a6e70d184b/documents/6a398fe174aa56a6e70d18c1_enc.bin","timestamp":"2026-06-23 01:11:23"}
{"level":"debug","message":"[R2] File uploaded successfully to key: users/6a398da974aa56a6e70d184b/documents/6a3991f574aa56a6e70d1926_enc.bin","timestamp":"2026-06-23 01:20:14"}
{"level":"debug","message":"[R2] File uploaded successfully to key: users/6a398da974aa56a6e70d184b/documents/6a39933174aa56a6e70d1948_enc.bin","timestamp":"2026-06-23 01:25:30"}
{"code":"TOKEN_EXPIRED","ip":"::1","level":"warn","message":"Operational error captured: Session expired. Please log in again.","method":"GET","path":"/api/folders","stack":"Error: Session expired. Please log in again.\n    at protect (D:\\DocVault\\backend\\src\\middlewares\\auth.middleware.js:29:21)\n    at Layer.handle [as handle_request] (D:\\DocVault\\node_modules\\express\\lib\\router\\layer.js:95:5)\n    at trim_prefix (D:\\DocVault\\node_modules\\express\\lib\\router\\index.js:328:13)\n    at D:\\DocVault\\node_modules\\express\\lib\\router\\index.js:286:9\n    at router.process_params (D:\\DocVault\\node_modules\\express\\lib\\router\\index.js:346:12)\n    at next (D:\\DocVault\\node_modules\\express\\lib\\router\\index.js:280:10)\n    at router.handle (D:\\DocVault\\node_modules\\express\\lib\\router\\index.js:175:3)\n    at router (D:\\DocVault\\node_modules\\express\\lib\\router\\index.js:47:12)\n    at Layer.handle [as handle_request] (D:\\DocVault\\node_modules\\express\\lib\\router\\layer.js:95:5)\n    at trim_prefix (D:\\DocVault\\node_modules\\express\\lib\\router\\index.js:328:13)","statusCode":401,"timestamp":"2026-06-23 01:45:11"}
{"code":"TOKEN_EXPIRED","ip":"::1","level":"warn","message":"Operational error captured: Session expired. Please log in again.","method":"GET","path":"/api/vault/items?type=document","stack":"Error: Session expired. Please log in again.\n    at protect (D:\\DocVault\\backend\\src\\middlewares\\auth.middleware.js:29:21)\n    at Layer.handle [as handle_request] (D:\\DocVault\\node_modules\\express\\lib\\router\\layer.js:95:5)\n    at trim_prefix (D:\\DocVault\\node_modules\\express\\lib\\router\\index.js:328:13)\n    at D:\\DocVault\\node_modules\\express\\lib\\router\\index.js:286:9\n    at router.process_params (D:\\DocVault\\node_modules\\express\\lib\\router\\index.js:346:12)\n    at next (D:\\DocVault\\node_modules\\express\\lib\\router\\index.js:280:10)\n    at router.handle (D:\\DocVault\\node_modules\\express\\lib\\router\\index.js:175:3)\n    at router (D:\\DocVault\\node_modules\\express\\lib\\router\\index.js:47:12)\n    at Layer.handle [as handle_request] (D:\\DocVault\\node_modules\\express\\lib\\router\\layer.js:95:5)\n    at trim_prefix (D:\\DocVault\\node_modules\\express\\lib\\router\\index.js:328:13)","statusCode":401,"timestamp":"2026-06-23 01:45:11"}
{"code":"TOKEN_EXPIRED","ip":"::1","level":"warn","message":"Operational error captured: Session expired. Please log in again.","method":"GET","path":"/api/folders","stack":"Error: Session expired. Please log in again.\n    at protect (D:\\DocVault\\backend\\src\\middlewares\\auth.middleware.js:29:21)\n    at Layer.handle [as handle_request] (D:\\DocVault\\node_modules\\express\\lib\\router\\layer.js:95:5)\n    at trim_prefix (D:\\DocVault\\node_modules\\express\\lib\\router\\index.js:328:13)\n    at D:\\DocVault\\node_modules\\express\\lib\\router\\index.js:286:9\n    at router.process_params (D:\\DocVault\\node_modules\\express\\lib\\router\\index.js:346:12)\n    at next (D:\\DocVault\\node_modules\\express\\lib\\router\\index.js:280:10)\n    at router.handle (D:\\DocVault\\node_modules\\express\\lib\\router\\index.js:175:3)\n    at router (D:\\DocVault\\node_modules\\express\\lib\\router\\index.js:47:12)\n    at Layer.handle [as handle_request] (D:\\DocVault\\node_modules\\express\\lib\\router\\layer.js:95:5)\n    at trim_prefix (D:\\DocVault\\node_modules\\express\\lib\\router\\index.js:328:13)","statusCode":401,"timestamp":"2026-06-23 01:45:11"}
{"code":"TOKEN_EXPIRED","ip":"::1","level":"warn","message":"Operational error captured: Session expired. Please log in again.","method":"GET","path":"/api/vault/items?type=document","stack":"Error: Session expired. Please log in again.\n    at protect (D:\\DocVault\\backend\\src\\middlewares\\auth.middleware.js:29:21)\n    at Layer.handle [as handle_request] (D:\\DocVault\\node_modules\\express\\lib\\router\\layer.js:95:5)\n    at trim_prefix (D:\\DocVault\\node_modules\\express\\lib\\router\\index.js:328:13)\n    at D:\\DocVault\\node_modules\\express\\lib\\router\\index.js:286:9\n    at router.process_params (D:\\DocVault\\node_modules\\express\\lib\\router\\index.js:346:12)\n    at next (D:\\DocVault\\node_modules\\express\\lib\\router\\index.js:280:10)\n    at router.handle (D:\\DocVault\\node_modules\\express\\lib\\router\\index.js:175:3)\n    at router (D:\\DocVault\\node_modules\\express\\lib\\router\\index.js:47:12)\n    at Layer.handle [as handle_request] (D:\\DocVault\\node_modules\\express\\lib\\router\\layer.js:95:5)\n    at trim_prefix (D:\\DocVault\\node_modules\\express\\lib\\router\\index.js:328:13)","statusCode":401,"timestamp":"2026-06-23 01:45:11"}
{"level":"info","message":"[DB] Synchronizing database indexes...","timestamp":"2026-06-23 01:52:37"}
{"level":"info","message":"[DB] Database indexes synchronized successfully.","timestamp":"2026-06-23 01:52:38"}
{"level":"info","message":"[DB] Verifying system document categories seed...","timestamp":"2026-06-23 01:52:38"}
{"level":"info","message":"[DB] System categories seed check completed.","timestamp":"2026-06-23 01:52:38"}
{"level":"info","message":"[DB] Synchronizing database indexes...","timestamp":"2026-06-23 01:58:45"}
{"level":"info","message":"[DB] Database indexes synchronized successfully.","timestamp":"2026-06-23 01:58:46"}
{"level":"info","message":"[DB] Verifying system document categories seed...","timestamp":"2026-06-23 01:58:46"}
{"level":"info","message":"[DB] System categories seed check completed.","timestamp":"2026-06-23 01:58:46"}
{"level":"info","message":"[DB] Synchronizing database indexes...","timestamp":"2026-06-23 02:00:10"}
{"level":"info","message":"[DB] Database indexes synchronized successfully.","timestamp":"2026-06-23 02:00:11"}
{"level":"info","message":"[DB] Verifying system document categories seed...","timestamp":"2026-06-23 02:00:11"}
{"level":"info","message":"[DB] System categories seed check completed.","timestamp":"2026-06-23 02:00:11"}
{"level":"info","message":"[DB] Synchronizing database indexes...","timestamp":"2026-06-23 02:01:32"}
{"level":"info","message":"[DB] Database indexes synchronized successfully.","timestamp":"2026-06-23 02:01:33"}
{"level":"info","message":"[DB] Verifying system document categories seed...","timestamp":"2026-06-23 02:01:33"}
{"level":"info","message":"[DB] System categories seed check completed.","timestamp":"2026-06-23 02:01:33"}
{"code":"INVALID_CREDENTIALS","ip":"::1","level":"warn","message":"Operational error captured: Invalid email or password.","method":"POST","path":"/api/auth/login","stack":"Error: Invalid email or password.\n    at AuthService.login (D:\\DocVault\\backend\\src\\services\\auth.service.js:48:13)\n    at process.processTicksAndRejections (node:internal/process/task_queues:104:5)\n    at async login (D:\\DocVault\\backend\\src\\controllers\\auth.controller.js:48:21)","statusCode":401,"timestamp":"2026-06-23 02:01:58"}
{"level":"debug","message":"[R2] File uploaded successfully to key: users/6a39908674aa56a6e70d18f9/documents/6a399c40816226d862cc81fe_enc.bin","timestamp":"2026-06-23 02:04:09"}
{"level":"debug","message":"[R2] File uploaded successfully to key: users/6a39908674aa56a6e70d18f9/documents/6a399cc2816226d862cc8210_enc.bin","timestamp":"2026-06-23 02:06:19"}
{"level":"info","message":"[DB] Synchronizing database indexes...","timestamp":"2026-06-23 02:06:51"}
{"level":"info","message":"[DB] Database indexes synchronized successfully.","timestamp":"2026-06-23 02:06:53"}
{"level":"info","message":"[DB] Verifying system document categories seed...","timestamp":"2026-06-23 02:06:53"}
{"level":"info","message":"[DB] System categories seed check completed.","timestamp":"2026-06-23 02:06:53"}
{"level":"debug","message":"[R2] File uploaded successfully to key: users/6a39908674aa56a6e70d18f9/documents/6a399cfbff647e3e83f489f2_enc.bin","timestamp":"2026-06-23 02:07:15"}
{"level":"info","message":"[R2] File deleted successfully from key: users/6a39908674aa56a6e70d18f9/documents/6a399cc2816226d862cc8210_enc.bin","timestamp":"2026-06-23 02:07:35"}
{"level":"info","message":"[R2] File deleted successfully from key: users/6a39908674aa56a6e70d18f9/documents/6a399c40816226d862cc81fe_enc.bin","timestamp":"2026-06-23 02:07:39"}
